{
  "stats": {
    "suites": 11,
    "tests": 22,
    "passes": 20,
    "pending": 0,
    "failures": 2,
    "start": "2022-05-15T15:55:05.164Z",
    "end": "2022-05-15T15:55:08.773Z",
    "duration": 3609,
    "testsRegistered": 22,
    "passPercent": 90.9090909090909,
    "pendingPercent": 0,
    "other": 0,
    "hasOther": false,
    "skipped": 0,
    "hasSkipped": false
  },
  "results": [
    {
      "uuid": "bcdd4350-0c83-48bf-9ff1-ee53f73baac2",
      "title": "",
      "fullFile": "cypress/integration/project.spec.js",
      "file": "cypress/integration/project.spec.js",
      "beforeHooks": [],
      "afterHooks": [],
      "tests": [],
      "suites": [
        {
          "uuid": "50ee6d74-89a1-4172-8e34-c2efaa040658",
          "title": "1 - Adicione uma cor de fundo específica para a página",
          "fullFile": "",
          "file": "",
          "beforeHooks": [],
          "afterHooks": [],
          "tests": [
            {
              "title": "Possuir cor de fundo: rgb(253, 251, 251)",
              "fullTitle": "1 - Adicione uma cor de fundo específica para a página Possuir cor de fundo: rgb(253, 251, 251)",
              "timedOut": null,
              "duration": 138,
              "state": "passed",
              "speed": "slow",
              "pass": true,
              "fail": false,
              "pending": false,
              "context": null,
              "code": "cy.get('body').should('have.css', 'backgroundColor', 'rgb(253, 251, 251)');",
              "err": {},
              "uuid": "84ac2ebd-8023-4eb1-98d8-09a3ee58ea21",
              "parentUUID": "50ee6d74-89a1-4172-8e34-c2efaa040658",
              "isHook": false,
              "skipped": false
            }
          ],
          "suites": [],
          "passes": [
            "84ac2ebd-8023-4eb1-98d8-09a3ee58ea21"
          ],
          "failures": [],
          "pending": [],
          "skipped": [],
          "duration": 138,
          "root": false,
          "rootEmpty": false,
          "_timeout": 2000
        },
        {
          "uuid": "958ac88f-772a-4739-8a79-cb89a44c1a7c",
          "title": "2 - Adicione uma barra superior com um título",
          "fullFile": "",
          "file": "",
          "beforeHooks": [],
          "afterHooks": [],
          "tests": [
            {
              "title": "A barra deve possuir o ID \"cabecalho\"",
              "fullTitle": "2 - Adicione uma barra superior com um título A barra deve possuir o ID \"cabecalho\"",
              "timedOut": null,
              "duration": 47,
              "state": "passed",
              "speed": "medium",
              "pass": true,
              "fail": false,
              "pending": false,
              "context": null,
              "code": "(0, _ActionBase.shouldExist)('#cabecalho');",
              "err": {},
              "uuid": "a4965b67-47cf-440b-8699-15c83f66e08a",
              "parentUUID": "958ac88f-772a-4739-8a79-cb89a44c1a7c",
              "isHook": false,
              "skipped": false
            },
            {
              "title": "A barra superior deve ser fixa no topo da página, com a propriedade top tendo o valor `0`",
              "fullTitle": "2 - Adicione uma barra superior com um título A barra superior deve ser fixa no topo da página, com a propriedade top tendo o valor `0`",
              "timedOut": null,
              "duration": 44,
              "state": "passed",
              "speed": "medium",
              "pass": true,
              "fail": false,
              "pending": false,
              "context": null,
              "code": "cy.get('#cabecalho').should('have.css', 'position', 'fixed').should('have.css', 'top', '0px');",
              "err": {},
              "uuid": "d5969663-578d-44e5-9d82-8e3bc2c7032f",
              "parentUUID": "958ac88f-772a-4739-8a79-cb89a44c1a7c",
              "isHook": false,
              "skipped": false
            },
            {
              "title": "O título deve estar dentro da barra e possuir o ID \"titulo\", além de ser uma tag \"h1\"",
              "fullTitle": "2 - Adicione uma barra superior com um título O título deve estar dentro da barra e possuir o ID \"titulo\", além de ser uma tag \"h1\"",
              "timedOut": null,
              "duration": 39,
              "state": "passed",
              "speed": "medium",
              "pass": true,
              "fail": false,
              "pending": false,
              "context": null,
              "code": "(0, _ActionBase.shouldExist)('#cabecalho h1#titulo');",
              "err": {},
              "uuid": "8d7f78f3-114f-4b8b-99f3-e17b4f3e1fcf",
              "parentUUID": "958ac88f-772a-4739-8a79-cb89a44c1a7c",
              "isHook": false,
              "skipped": false
            }
          ],
          "suites": [],
          "passes": [
            "a4965b67-47cf-440b-8699-15c83f66e08a",
            "d5969663-578d-44e5-9d82-8e3bc2c7032f",
            "8d7f78f3-114f-4b8b-99f3-e17b4f3e1fcf"
          ],
          "failures": [],
          "pending": [],
          "skipped": [],
          "duration": 130,
          "root": false,
          "rootEmpty": false,
          "_timeout": 2000
        },
        {
          "uuid": "ed100239-dede-49d7-acc7-c17cd4512376",
          "title": "3 - Adicione uma foto sua à página",
          "fullFile": "",
          "file": "",
          "beforeHooks": [],
          "afterHooks": [],
          "tests": [
            {
              "title": "A foto deve ser inserida utilizando uma tag img com o ID \"minha_foto\"",
              "fullTitle": "3 - Adicione uma foto sua à página A foto deve ser inserida utilizando uma tag img com o ID \"minha_foto\"",
              "timedOut": null,
              "duration": 103,
              "state": "passed",
              "speed": "slow",
              "pass": true,
              "fail": false,
              "pending": false,
              "context": null,
              "code": "cy.get('img#minha_foto').should('have.attr', 'src');",
              "err": {},
              "uuid": "6fa9ce29-e181-419c-9018-92bf1c43074d",
              "parentUUID": "ed100239-dede-49d7-acc7-c17cd4512376",
              "isHook": false,
              "skipped": false
            }
          ],
          "suites": [],
          "passes": [
            "6fa9ce29-e181-419c-9018-92bf1c43074d"
          ],
          "failures": [],
          "pending": [],
          "skipped": [],
          "duration": 103,
          "root": false,
          "rootEmpty": false,
          "_timeout": 2000
        },
        {
          "uuid": "a0bdf0dc-01a4-4c92-bdcf-2c428d69b3e3",
          "title": "4 - Adicione uma lista de lições aprendidas à página",
          "fullFile": "",
          "file": "",
          "beforeHooks": [],
          "afterHooks": [],
          "tests": [
            {
              "title": "A lista deve ser numerada e possuir o ID \"licoes_aprendidas\"",
              "fullTitle": "4 - Adicione uma lista de lições aprendidas à página A lista deve ser numerada e possuir o ID \"licoes_aprendidas\"",
              "timedOut": null,
              "duration": 47,
              "state": "passed",
              "speed": "medium",
              "pass": true,
              "fail": false,
              "pending": false,
              "context": null,
              "code": "(0, _ActionBase.shouldExist)('ol#licoes_aprendidas');",
              "err": {},
              "uuid": "ae6de8d9-0884-4ccb-994a-eb6d21302046",
              "parentUUID": "a0bdf0dc-01a4-4c92-bdcf-2c428d69b3e3",
              "isHook": false,
              "skipped": false
            },
            {
              "title": "A lista deve possuir 10 itens",
              "fullTitle": "4 - Adicione uma lista de lições aprendidas à página A lista deve possuir 10 itens",
              "timedOut": null,
              "duration": 53,
              "state": "passed",
              "speed": "medium",
              "pass": true,
              "fail": false,
              "pending": false,
              "context": null,
              "code": "cy.get('ol#licoes_aprendidas').find('li').should('have.length', 10);",
              "err": {},
              "uuid": "f433df85-d784-4661-b77a-85093b447b90",
              "parentUUID": "a0bdf0dc-01a4-4c92-bdcf-2c428d69b3e3",
              "isHook": false,
              "skipped": false
            }
          ],
          "suites": [],
          "passes": [
            "ae6de8d9-0884-4ccb-994a-eb6d21302046",
            "f433df85-d784-4661-b77a-85093b447b90"
          ],
          "failures": [],
          "pending": [],
          "skipped": [],
          "duration": 100,
          "root": false,
          "rootEmpty": false,
          "_timeout": 2000
        },
        {
          "uuid": "d10133dc-b7a7-4cb6-826c-014e7657f447",
          "title": "5 - Crie uma lista de lições que ainda deseja aprender para a página",
          "fullFile": "",
          "file": "",
          "beforeHooks": [],
          "afterHooks": [],
          "tests": [
            {
              "title": "A lista não deve ser numerada e deve possuir o ID \"licoes_a_aprender\"",
              "fullTitle": "5 - Crie uma lista de lições que ainda deseja aprender para a página A lista não deve ser numerada e deve possuir o ID \"licoes_a_aprender\"",
              "timedOut": null,
              "duration": 49,
              "state": "passed",
              "speed": "medium",
              "pass": true,
              "fail": false,
              "pending": false,
              "context": null,
              "code": "(0, _ActionBase.shouldExist)('ul#licoes_a_aprender');",
              "err": {},
              "uuid": "e0b57a58-a305-4e57-84d0-ef2eb0e6028a",
              "parentUUID": "d10133dc-b7a7-4cb6-826c-014e7657f447",
              "isHook": false,
              "skipped": false
            },
            {
              "title": "A lista deve possuir 10 itens",
              "fullTitle": "5 - Crie uma lista de lições que ainda deseja aprender para a página A lista deve possuir 10 itens",
              "timedOut": null,
              "duration": 54,
              "state": "passed",
              "speed": "medium",
              "pass": true,
              "fail": false,
              "pending": false,
              "context": null,
              "code": "cy.get('ul#licoes_a_aprender').find('li').should('have.length', 10);",
              "err": {},
              "uuid": "eb03d56a-535a-4c3e-a450-01f8eaf3d59c",
              "parentUUID": "d10133dc-b7a7-4cb6-826c-014e7657f447",
              "isHook": false,
              "skipped": false
            }
          ],
          "suites": [],
          "passes": [
            "e0b57a58-a305-4e57-84d0-ef2eb0e6028a",
            "eb03d56a-535a-4c3e-a450-01f8eaf3d59c"
          ],
          "failures": [],
          "pending": [],
          "skipped": [],
          "duration": 103,
          "root": false,
          "rootEmpty": false,
          "_timeout": 2000
        },
        {
          "uuid": "ab4b47c8-0345-4513-8665-88c98e59fc54",
          "title": "6 - Adicione um rodapé para a página",
          "fullFile": "",
          "file": "",
          "beforeHooks": [],
          "afterHooks": [],
          "tests": [
            {
              "title": "O rodapé deve possuir o ID \"rodape\"",
              "fullTitle": "6 - Adicione um rodapé para a página O rodapé deve possuir o ID \"rodape\"",
              "timedOut": null,
              "duration": 47,
              "state": "passed",
              "speed": "medium",
              "pass": true,
              "fail": false,
              "pending": false,
              "context": null,
              "code": "cy.get('footer#rodape').should('exist');",
              "err": {},
              "uuid": "d5c2d8a1-abff-4964-bde1-973aeb2dc385",
              "parentUUID": "ab4b47c8-0345-4513-8665-88c98e59fc54",
              "isHook": false,
              "skipped": false
            }
          ],
          "suites": [],
          "passes": [
            "d5c2d8a1-abff-4964-bde1-973aeb2dc385"
          ],
          "failures": [],
          "pending": [],
          "skipped": [],
          "duration": 47,
          "root": false,
          "rootEmpty": false,
          "_timeout": 2000
        },
        {
          "uuid": "d40e6e01-8612-4cf7-8b07-5af5ec4ad0ed",
          "title": "7 - Insira pelo menos um link externo na página",
          "fullFile": "",
          "file": "",
          "beforeHooks": [],
          "afterHooks": [],
          "tests": [
            {
              "title": "A configuração desse link deve ser feita para abrir em uma nova aba do navegador",
              "fullTitle": "7 - Insira pelo menos um link externo na página A configuração desse link deve ser feita para abrir em uma nova aba do navegador",
              "timedOut": null,
              "duration": 45,
              "state": "passed",
              "speed": "medium",
              "pass": true,
              "fail": false,
              "pending": false,
              "context": null,
              "code": "cy.get('a').then(function (a) {\n  var actual = Array.from(a).some(function (element) {\n    return element.target === '_blank' && element.href !== '';\n  });\n  expect(actual).to.be[\"true\"];\n});",
              "err": {},
              "uuid": "32744abc-4825-4f76-86ce-fc163dbbc63b",
              "parentUUID": "d40e6e01-8612-4cf7-8b07-5af5ec4ad0ed",
              "isHook": false,
              "skipped": false
            }
          ],
          "suites": [],
          "passes": [
            "32744abc-4825-4f76-86ce-fc163dbbc63b"
          ],
          "failures": [],
          "pending": [],
          "skipped": [],
          "duration": 45,
          "root": false,
          "rootEmpty": false,
          "_timeout": 2000
        },
        {
          "uuid": "33b20a70-a607-472d-bee4-a51d234f464e",
          "title": "8 - Crie um artigo sobre seu aprendizado",
          "fullFile": "",
          "file": "",
          "beforeHooks": [],
          "afterHooks": [],
          "tests": [
            {
              "title": "A `tag` `article` devem ser utilizadas",
              "fullTitle": "8 - Crie um artigo sobre seu aprendizado A `tag` `article` devem ser utilizadas",
              "timedOut": null,
              "duration": 46,
              "state": "passed",
              "speed": "medium",
              "pass": true,
              "fail": false,
              "pending": false,
              "context": null,
              "code": "(0, _ActionBase.shouldExist)('article');",
              "err": {},
              "uuid": "e5af27ca-e963-400b-8caa-6ac0c28da93d",
              "parentUUID": "33b20a70-a607-472d-bee4-a51d234f464e",
              "isHook": false,
              "skipped": false
            },
            {
              "title": "O artigo deve ter mais de 300 caracteres e menos de 600",
              "fullTitle": "8 - Crie um artigo sobre seu aprendizado O artigo deve ter mais de 300 caracteres e menos de 600",
              "timedOut": null,
              "duration": 55,
              "state": "failed",
              "speed": null,
              "pass": false,
              "fail": true,
              "pending": false,
              "context": null,
              "code": "cy.get('article').invoke('text').then(function (text) {\n  expect(text).to.have.length.of.at.most(600);\n  expect(text).to.have.length.of.at.above(300);\n});",
              "err": {
                "message": "AssertionError: expected '\\n        Um pouco sobre meu aprendizado:\\n        \\n            A Trybe vem superando minhas expectativas com seu ambiente descontraído\\n            e forma dinâmica de aprendizado, o ponto forte mais forte sem dúvida é como\\n            nós (alunos),somos constantemente incentivados a aprender por conta própria\\n            pesquisando e lendo os docs oficiais.\\n            Até o momento não tive muitas dificuldades com as matérias,esse está sendo\\n            meu primeiro projeto e estou bemempolgado com o que virá a seguir.\\n        \\n        \\n            GitHub é bom demais!\\n            \\n                Git e GitHub sem duvida até agora foi a coisa mais interessante de aprender,\\n                o que é, como funciona e os benefícios de usar um versionador.\\n                No começo parece ser difícil e complexo, mas é só uma questão de familiaridade,\\n                não desista!\\n            \\n        \\n    ' to have a length at most 600 but got 913",
                "estack": "AssertionError: expected '\\n        Um pouco sobre meu aprendizado:\\n        \\n            A Trybe vem superando minhas expectativas com seu ambiente descontraído\\n            e forma dinâmica de aprendizado, o ponto forte mais forte sem dúvida é como\\n            nós (alunos),somos constantemente incentivados a aprender por conta própria\\n            pesquisando e lendo os docs oficiais.\\n            Até o momento não tive muitas dificuldades com as matérias,esse está sendo\\n            meu primeiro projeto e estou bemempolgado com o que virá a seguir.\\n        \\n        \\n            GitHub é bom demais!\\n            \\n                Git e GitHub sem duvida até agora foi a coisa mais interessante de aprender,\\n                o que é, como funciona e os benefícios de usar um versionador.\\n                No começo parece ser difícil e complexo, mas é só uma questão de familiaridade,\\n                não desista!\\n            \\n        \\n    ' to have a length at most 600 but got 913\n    at Context.eval (http://localhost:34605/__cypress/tests?p=cypress/integration/project.spec.js:225:41)",
                "diff": "- 913\n+ 600\n"
              },
              "uuid": "dbc87e1e-4c54-457a-8e33-d95673df95b4",
              "parentUUID": "33b20a70-a607-472d-bee4-a51d234f464e",
              "isHook": false,
              "skipped": false
            }
          ],
          "suites": [],
          "passes": [
            "e5af27ca-e963-400b-8caa-6ac0c28da93d"
          ],
          "failures": [
            "dbc87e1e-4c54-457a-8e33-d95673df95b4"
          ],
          "pending": [],
          "skipped": [],
          "duration": 101,
          "root": false,
          "rootEmpty": false,
          "_timeout": 2000
        },
        {
          "uuid": "a9100ec3-3579-4c43-a7cb-1e3016d03d3a",
          "title": "9 - Crie uma seção que conta uma passagem sobre seu aprendizado",
          "fullFile": "",
          "file": "",
          "beforeHooks": [],
          "afterHooks": [],
          "tests": [
            {
              "title": "A `tag` `aside` deve ser utilizada",
              "fullTitle": "9 - Crie uma seção que conta uma passagem sobre seu aprendizado A `tag` `aside` deve ser utilizada",
              "timedOut": null,
              "duration": 53,
              "state": "passed",
              "speed": "medium",
              "pass": true,
              "fail": false,
              "pending": false,
              "context": null,
              "code": "(0, _ActionBase.shouldExist)('aside');",
              "err": {},
              "uuid": "0b707f03-ae63-456f-a727-93f34e622c0a",
              "parentUUID": "a9100ec3-3579-4c43-a7cb-1e3016d03d3a",
              "isHook": false,
              "skipped": false
            },
            {
              "title": "A seção deve ter mais que 100 caracteres e menos que 300",
              "fullTitle": "9 - Crie uma seção que conta uma passagem sobre seu aprendizado A seção deve ter mais que 100 caracteres e menos que 300",
              "timedOut": null,
              "duration": 51,
              "state": "failed",
              "speed": null,
              "pass": false,
              "fail": true,
              "pending": false,
              "context": null,
              "code": "cy.get('aside').invoke('text').then(function (text) {\n  expect(text).to.have.length.of.at.above(100);\n  expect(text).to.have.length.of.at.most(300);\n});",
              "err": {
                "message": "AssertionError: expected '\\n            GitHub é bom demais!\\n            \\n                Git e GitHub sem duvida até agora foi a coisa mais interessante de aprender,\\n                o que é, como funciona e os benefícios de usar um versionador.\\n                No começo parece ser difícil e complexo, mas é só uma questão de familiaridade,\\n                não desista!\\n            \\n        ' to have a length at most 300 but got 365",
                "estack": "AssertionError: expected '\\n            GitHub é bom demais!\\n            \\n                Git e GitHub sem duvida até agora foi a coisa mais interessante de aprender,\\n                o que é, como funciona e os benefícios de usar um versionador.\\n                No começo parece ser difícil e complexo, mas é só uma questão de familiaridade,\\n                não desista!\\n            \\n        ' to have a length at most 300 but got 365\n    at Context.eval (http://localhost:34605/__cypress/tests?p=cypress/integration/project.spec.js:240:41)",
                "diff": "- 365\n+ 300\n"
              },
              "uuid": "d6d414fd-73f7-410f-b2b3-982c16877590",
              "parentUUID": "a9100ec3-3579-4c43-a7cb-1e3016d03d3a",
              "isHook": false,
              "skipped": false
            }
          ],
          "suites": [],
          "passes": [
            "0b707f03-ae63-456f-a727-93f34e622c0a"
          ],
          "failures": [
            "d6d414fd-73f7-410f-b2b3-982c16877590"
          ],
          "pending": [],
          "skipped": [],
          "duration": 104,
          "root": false,
          "rootEmpty": false,
          "_timeout": 2000
        },
        {
          "uuid": "34cd1422-427d-4a5f-a7db-e6db464e261b",
          "title": "10 - Aplique elementos HTML de acordo com o sentido e propósito de cada um deles",
          "fullFile": "",
          "file": "",
          "beforeHooks": [],
          "afterHooks": [],
          "tests": [
            {
              "title": "Validar se a página possui um elemento \"article\"",
              "fullTitle": "10 - Aplique elementos HTML de acordo com o sentido e propósito de cada um deles Validar se a página possui um elemento \"article\"",
              "timedOut": null,
              "duration": 46,
              "state": "passed",
              "speed": "medium",
              "pass": true,
              "fail": false,
              "pending": false,
              "context": null,
              "code": "(0, _ActionBase.shouldExist)('article');",
              "err": {},
              "uuid": "5fa7324c-c1b1-4542-8d17-f57282aaae16",
              "parentUUID": "34cd1422-427d-4a5f-a7db-e6db464e261b",
              "isHook": false,
              "skipped": false
            },
            {
              "title": "Validar se a página possui um elemento \"header\"",
              "fullTitle": "10 - Aplique elementos HTML de acordo com o sentido e propósito de cada um deles Validar se a página possui um elemento \"header\"",
              "timedOut": null,
              "duration": 45,
              "state": "passed",
              "speed": "medium",
              "pass": true,
              "fail": false,
              "pending": false,
              "context": null,
              "code": "(0, _ActionBase.shouldExist)('header');",
              "err": {},
              "uuid": "b80b9340-a264-4bed-a97d-77f5cbe8fa5d",
              "parentUUID": "34cd1422-427d-4a5f-a7db-e6db464e261b",
              "isHook": false,
              "skipped": false
            },
            {
              "title": "Validar se a página possui um elemento \"nav\"",
              "fullTitle": "10 - Aplique elementos HTML de acordo com o sentido e propósito de cada um deles Validar se a página possui um elemento \"nav\"",
              "timedOut": null,
              "duration": 46,
              "state": "passed",
              "speed": "medium",
              "pass": true,
              "fail": false,
              "pending": false,
              "context": null,
              "code": "(0, _ActionBase.shouldExist)('nav');",
              "err": {},
              "uuid": "fc49d0aa-c773-4bdc-a2a5-d532af469dd9",
              "parentUUID": "34cd1422-427d-4a5f-a7db-e6db464e261b",
              "isHook": false,
              "skipped": false
            },
            {
              "title": "Validar se a página possui um elemento \"section\"",
              "fullTitle": "10 - Aplique elementos HTML de acordo com o sentido e propósito de cada um deles Validar se a página possui um elemento \"section\"",
              "timedOut": null,
              "duration": 45,
              "state": "passed",
              "speed": "medium",
              "pass": true,
              "fail": false,
              "pending": false,
              "context": null,
              "code": "(0, _ActionBase.shouldExist)('section');",
              "err": {},
              "uuid": "356d7069-624c-4dbd-8352-c976fe36820d",
              "parentUUID": "34cd1422-427d-4a5f-a7db-e6db464e261b",
              "isHook": false,
              "skipped": false
            },
            {
              "title": "Validar se a página possui um elemento \"aside\"",
              "fullTitle": "10 - Aplique elementos HTML de acordo com o sentido e propósito de cada um deles Validar se a página possui um elemento \"aside\"",
              "timedOut": null,
              "duration": 44,
              "state": "passed",
              "speed": "medium",
              "pass": true,
              "fail": false,
              "pending": false,
              "context": null,
              "code": "(0, _ActionBase.shouldExist)('aside');",
              "err": {},
              "uuid": "20a49622-a1c9-4c35-95ca-832eb116f2a6",
              "parentUUID": "34cd1422-427d-4a5f-a7db-e6db464e261b",
              "isHook": false,
              "skipped": false
            },
            {
              "title": "Validar se a página possui um elemento \"footer\"",
              "fullTitle": "10 - Aplique elementos HTML de acordo com o sentido e propósito de cada um deles Validar se a página possui um elemento \"footer\"",
              "timedOut": null,
              "duration": 44,
              "state": "passed",
              "speed": "medium",
              "pass": true,
              "fail": false,
              "pending": false,
              "context": null,
              "code": "(0, _ActionBase.shouldExist)('footer');",
              "err": {},
              "uuid": "71d8fabb-fa2f-4518-b398-09e7033f5240",
              "parentUUID": "34cd1422-427d-4a5f-a7db-e6db464e261b",
              "isHook": false,
              "skipped": false
            }
          ],
          "suites": [],
          "passes": [
            "5fa7324c-c1b1-4542-8d17-f57282aaae16",
            "b80b9340-a264-4bed-a97d-77f5cbe8fa5d",
            "fc49d0aa-c773-4bdc-a2a5-d532af469dd9",
            "356d7069-624c-4dbd-8352-c976fe36820d",
            "20a49622-a1c9-4c35-95ca-832eb116f2a6",
            "71d8fabb-fa2f-4518-b398-09e7033f5240"
          ],
          "failures": [],
          "pending": [],
          "skipped": [],
          "duration": 270,
          "root": false,
          "rootEmpty": false,
          "_timeout": 2000
        },
        {
          "uuid": "50426639-af03-44ed-b2e7-33ad06642e61",
          "title": "11 - Teste a semântica da sua página está aprovada pelo site CodeSniffer",
          "fullFile": "",
          "file": "",
          "beforeHooks": [],
          "afterHooks": [],
          "tests": [
            {
              "title": "Seu site deve passar sem problemas na verificação de semântica do site CodeSniffer",
              "fullTitle": "11 - Teste a semântica da sua página está aprovada pelo site CodeSniffer Seu site deve passar sem problemas na verificação de semântica do site CodeSniffer",
              "timedOut": null,
              "duration": 1529,
              "state": "passed",
              "speed": "slow",
              "pass": true,
              "fail": false,
              "pending": false,
              "context": null,
              "code": "cy.readFile('./index.html').then(function (content) {\n  cy.visit('http://squizlabs.github.io/HTML_CodeSniffer/');\n  cy.get('#runHTMLCS').click();\n  cy.get('#source').invoke('val', content).trigger('input');\n  cy.get('#run-button').click();\n  cy.get('.result-count-errors').contains(/^0$/);\n});",
              "err": {},
              "uuid": "60c1e9b9-f1af-47d4-ac2e-5e7be68f2689",
              "parentUUID": "50426639-af03-44ed-b2e7-33ad06642e61",
              "isHook": false,
              "skipped": false
            }
          ],
          "suites": [],
          "passes": [
            "60c1e9b9-f1af-47d4-ac2e-5e7be68f2689"
          ],
          "failures": [],
          "pending": [],
          "skipped": [],
          "duration": 1529,
          "root": false,
          "rootEmpty": false,
          "_timeout": 2000
        }
      ],
      "passes": [],
      "failures": [],
      "pending": [],
      "skipped": [],
      "duration": 0,
      "root": true,
      "rootEmpty": true,
      "_timeout": 2000
    }
  ],
  "meta": {
    "mocha": {
      "version": "7.0.1"
    },
    "mochawesome": {
      "options": {
        "quiet": false,
        "reportFilename": "mochawesome",
        "saveHtml": false,
        "saveJson": true,
        "consoleReporter": "spec",
        "useInlineDiffs": false
      },
      "version": "4.1.0"
    },
    "marge": {
      "options": {
        "id": "default",
        "reportDir": "cypress/reports",
        "overwrite": false,
        "html": false,
        "json": true
      },
      "version": "4.1.0"
    }
  }
}